<?xml version="1.0" encoding="UTF-8"?>
<!-- Generated by org.testng.reporters.JUnitXMLReporter -->
<testsuite ignored="0" hostname="ae-x.local" failures="0" tests="39" name="testngAutomation" time="116.228" errors="0" timestamp="2024-04-16T16:20:00 PDT">
  <testcase classname="testcases.TC13" name="verifyButtonNavigation" time="1.574"/>
  <testcase classname="testcases.TC13" name="verifyProductAddedToCart" time="0.141"/>
  <testcase classname="testcases.TC13" name="verifyCustomerDetails" time="0.236"/>
  <testcase classname="testcases.TC13" name="verifyCustomerDetailsCanEdit" time="1.812"/>
  <testcase classname="testcases.TC13" name="verifyCheckoutNavigation" time="3.165"/>
  <testcase classname="testcases.TC13" name="verifyProductDetails" time="2.496"/>
  <testcase classname="testcases.TC13" name="verifyOrderDetailsCheckoutButton" time="0.002"/>
  <testcase classname="testcases.TC13" name="verifyPaymentsAvailable" time="0.302"/>
  <testcase classname="testcases.TC13" name="verifyPaymentSelectionAndNavigation" time="1.292"/>
  <testcase classname="testcases.TC13" name="verifyOrder" time="0.868"/>
  <testcase classname="testcases.TC13" name="verifyCardEntryAndPay" time="8.325"/>
  <testcase classname="testcases.TC13" name="verifyTransactionDetailsPage" time="0.444"/>
  <testcase classname="testcases.TC13" name="verifyValidOTP" time="10.099"/>
  <testcase classname="testcases.TC14" name="verifyButtonNavigation" time="1.375"/>
  <testcase classname="testcases.TC14" name="verifyProductAddedToCart" time="0.101"/>
  <testcase classname="testcases.TC14" name="verifyCustomerDetails" time="0.207"/>
  <testcase classname="testcases.TC14" name="verifyCustomerDetailsCanEdit" time="1.689"/>
  <testcase classname="testcases.TC14" name="verifyCheckoutNavigation" time="3.175"/>
  <testcase classname="testcases.TC14" name="verifyProductDetails" time="2.443"/>
  <testcase classname="testcases.TC14" name="verifyOrderDetailsCheckoutButton" time="0.001"/>
  <testcase classname="testcases.TC14" name="verifyPaymentsAvailable" time="0.296"/>
  <testcase classname="testcases.TC14" name="verifyPaymentSelectionAndNavigation" time="1.259"/>
  <testcase classname="testcases.TC14" name="verifyOrder" time="0.777"/>
  <testcase classname="testcases.TC14" name="verifyCardEntryAndPay" time="8.312"/>
  <testcase classname="testcases.TC14" name="verifyTransactionDetailsPage" time="0.362"/>
  <testcase classname="testcases.TC14" name="verifyInvalidOTP" time="9.469"/>
  <testcase classname="testcases.TC15" name="verifyButtonNavigation" time="1.451"/>
  <testcase classname="testcases.TC15" name="verifyProductAddedToCart" time="0.132"/>
  <testcase classname="testcases.TC15" name="verifyCustomerDetails" time="0.226"/>
  <testcase classname="testcases.TC15" name="verifyCustomerDetailsCanEdit" time="1.881"/>
  <testcase classname="testcases.TC15" name="verifyCheckoutNavigation" time="3.178"/>
  <testcase classname="testcases.TC15" name="verifyProductDetails" time="2.681"/>
  <testcase classname="testcases.TC15" name="verifyOrderDetailsCheckoutButton" time="0.001"/>
  <testcase classname="testcases.TC15" name="verifyPaymentsAvailable" time="0.423"/>
  <testcase classname="testcases.TC15" name="verifyPaymentSelectionAndNavigation" time="1.357"/>
  <testcase classname="testcases.TC15" name="verifyOrder" time="1.313"/>
  <testcase classname="testcases.TC15" name="verifyCardEntryAndPay" time="8.293"/>
  <testcase classname="testcases.TC15" name="verifyTransactionDetailsPage" time="0.341"/>
  <testcase classname="testcases.TC15" name="verifyCancelOrder" time="9.402"/>
</testsuite> <!-- testngAutomation -->
